[2019-11-05 17:40:58] local.ERROR: Class 'App\Http\Controllers\Mail' not found {"userId":87,"exception":"[object] (Symfony\\Component\\Debug\\Exception\\FatalThrowableError(code: 0): Class 'App\\Http\\Controllers\\Mail' not found at /home/unilinki/public_html/csrability/app/Http/Controllers/SocialController.php:180)
[stacktrace]
#0 [internal function]: App\\Http\\Controllers\\SocialController->updateProfile(Object(Illuminate\\Http\\Request))
#1 /home/unilinki/public_html/csrability/vendor/laravel/framework/src/Illuminate/Routing/Controller.php(54): call_user_func_array(Array, Array)
#2 /home/unilinki/public_html/csrability/vendor/laravel/framework/src/Illuminate/Routing/ControllerDispatcher.php(45): Illuminate\\Routing\\Controller->callAction('updateProfile', Array)
#3 /home/unilinki/public_html/csrability/vendor/laravel/framework/src/Illuminate/Routing/Route.php(219): Illuminate\\Routing\\ControllerDispatcher->dispatch(Object(Illuminate\\Routing\\Route), Object(App\\Http\\Controllers\\SocialController), 'updateProfile')
#4 /home/unilinki/public_html/csrability/vendor/laravel/framework/src/Illuminate/Routing/Route.php(176): Illuminate\\Routing\\Route->runController()
#5 /home/unilinki/public_html/csrability/vendor/laravel/framework/src/Illuminate/Routing/Router.php(680): Illuminate\\Routing\\Route->run()
#6 /home/unilinki/public_html/csrability/vendor/laravel/framework/src/Illuminate/Pipeline/Pipeline.php(130): Illuminate\\Routing\\Router->Illuminate\\Routing\\{closure}(Object(Illuminate\\Http\\Request))
#7 /home/unilinki/public_html/csrability/vendor/laravel/framework/src/Illuminate/Routing/Middleware/SubstituteBindings.php(41): Illuminate\\Pipeline\\Pipeline->Illuminate\\Pipeline\\{closure}(Object(Illuminate\\Http\\Request))
#8 /home/unilinki/public_html/csrability/vendor/laravel/framework/src/Illuminate/Pipeline/Pipeline.php(171): Illuminate\\Routing\\Middleware\\SubstituteBindings->handle(Object(Illuminate\\Http\\Request), Object(Closure))
#9 /home/unilinki/public_html/csrability/vendor/laravel/framework/src/Illuminate/Foundation/Http/Middleware/VerifyCsrfToken.php(76): Illuminate\\Pipeline\\Pipeline->Illuminate\\Pipeline\\{closure}(Object(Illuminate\\Http\\Request))
#10 /home/unilinki/public_html/csrability/vendor/laravel/framework/src/Illuminate/Pipeline/Pipeline.php(171): Illuminate\\Foundation\\Http\\Middleware\\VerifyCsrfToken->handle(Object(Illuminate\\Http\\Request), Object(Closure))
#11 /home/unilinki/public_html/csrability/vendor/laravel/framework/src/Illuminate/View/Middleware/ShareErrorsFromSession.php(49): Illuminate\\Pipeline\\Pipeline->Illuminate\\Pipeline\\{closure}(Object(Illuminate\\Http\\Request))
#12 /home/unilinki/public_html/csrability/vendor/laravel/framework/src/Illuminate/Pipeline/Pipeline.php(171): Illuminate\\View\\Middleware\\ShareErrorsFromSession->handle(Object(Illuminate\\Http\\Request), Object(Closure))
#13 /home/unilinki/public_html/csrability/vendor/laravel/framework/src/Illuminate/Session/Middleware/StartSession.php(56): Illuminate\\Pipeline\\Pipeline->Illuminate\\Pipeline\\{closure}(Object(Illuminate\\Http\\Request))
#14 /home/unilinki/public_html/csrability/vendor/laravel/framework/src/Illuminate/Pipeline/Pipeline.php(171): Illuminate\\Session\\Middleware\\StartSession->handle(Object(Illuminate\\Http\\Request), Object(Closure))
#15 /home/unilinki/public_html/csrability/vendor/laravel/framework/src/Illuminate/Cookie/Middleware/AddQueuedCookiesToResponse.php(37): Illuminate\\Pipeline\\Pipeline->Illuminate\\Pipeline\\{closure}(Object(Illuminate\\Http\\Request))
#16 /home/unilinki/public_html/csrability/vendor/laravel/framework/src/Illuminate/Pipeline/Pipeline.php(171): Illuminate\\Cookie\\Middleware\\AddQueuedCookiesToResponse->handle(Object(Illuminate\\Http\\Request), Object(Closure))
#17 /home/unilinki/public_html/csrability/vendor/laravel/framework/src/Illuminate/Cookie/Middleware/EncryptCookies.php(66): Illuminate\\Pipeline\\Pipeline->Illuminate\\Pipeline\\{closure}(Object(Illuminate\\Http\\Request))
#18 /home/unilinki/public_html/csrability/vendor/laravel/framework/src/Illuminate/Pipeline/Pipeline.php(171): Illuminate\\Cookie\\Middleware\\EncryptCookies->handle(Object(Illuminate\\Http\\Request), Object(Closure))
#19 /home/unilinki/public_html/csrability/vendor/laravel/framework/src/Illuminate/Pipeline/Pipeline.php(105): Illuminate\\Pipeline\\Pipeline->Illuminate\\Pipeline\\{closure}(Object(Illuminate\\Http\\Request))
#20 /home/unilinki/public_html/csrability/vendor/laravel/framework/src/Illuminate/Routing/Router.php(682): Illuminate\\Pipeline\\Pipeline->then(Object(Closure))
#21 /home/unilinki/public_html/csrability/vendor/laravel/framework/src/Illuminate/Routing/Router.php(657): Illuminate\\Routing\\Router->runRouteWithinStack(Object(Illuminate\\Routing\\Route), Object(Illuminate\\Http\\Request))
#22 /home/unilinki/public_html/csrability/vendor/laravel/framework/src/Illuminate/Routing/Router.php(623): Illuminate\\Routing\\Router->runRoute(Object(Illuminate\\Http\\Request), Object(Illuminate\\Routing\\Route))
#23 /home/unilinki/public_html/csrability/vendor/laravel/framework/src/Illuminate/Routing/Router.php(612): Illuminate\\Routing\\Router->dispatchToRoute(Object(Illuminate\\Http\\Request))
#24 /home/unilinki/public_html/csrability/vendor/laravel/framework/src/Illuminate/Foundation/Http/Kernel.php(176): Illuminate\\Routing\\Router->dispatch(Object(Illuminate\\Http\\Request))
#25 /home/unilinki/public_html/csrability/vendor/laravel/framework/src/Illuminate/Pipeline/Pipeline.php(130): Illuminate\\Foundation\\Http\\Kernel->Illuminate\\Foundation\\Http\\{closure}(Object(Illuminate\\Http\\Request))
#26 /home/unilinki/public_html/csrability/vendor/laravel/framework/src/Illuminate/Foundation/Http/Middleware/TransformsRequest.php(21): Illuminate\\Pipeline\\Pipeline->Illuminate\\Pipeline\\{closure}(Object(Illuminate\\Http\\Request))
#27 /home/unilinki/public_html/csrability/vendor/laravel/framework/src/Illuminate/Pipeline/Pipeline.php(171): Illuminate\\Foundation\\Http\\Middleware\\TransformsRequest->handle(Object(Illuminate\\Http\\Request), Object(Closure))
#28 /home/unilinki/public_html/csrability/vendor/laravel/framework/src/Illuminate/Foundation/Http/Middleware/TransformsRequest.php(21): Illuminate\\Pipeline\\Pipeline->Illuminate\\Pipeline\\{closure}(Object(Illuminate\\Http\\Request))
#29 /home/unilinki/public_html/csrability/vendor/laravel/framework/src/Illuminate/Pipeline/Pipeline.php(171): Illuminate\\Foundation\\Http\\Middleware\\TransformsRequest->handle(Object(Illuminate\\Http\\Request), Object(Closure))
#30 /home/unilinki/public_html/csrability/vendor/laravel/framework/src/Illuminate/Foundation/Http/Middleware/ValidatePostSize.php(27): Illuminate\\Pipeline\\Pipeline->Illuminate\\Pipeline\\{closure}(Object(Illuminate\\Http\\Request))
#31 /home/unilinki/public_html/csrability/vendor/laravel/framework/src/Illuminate/Pipeline/Pipeline.php(171): Illuminate\\Foundation\\Http\\Middleware\\ValidatePostSize->handle(Object(Illuminate\\Http\\Request), Object(Closure))
#32 /home/unilinki/public_html/csrability/vendor/laravel/framework/src/Illuminate/Foundation/Http/Middleware/CheckForMaintenanceMode.php(62): Illuminate\\Pipeline\\Pipeline->Illuminate\\Pipeline\\{closure}(Object(Illuminate\\Http\\Request))
#33 /home/unilinki/public_html/csrability/vendor/laravel/framework/src/Illuminate/Pipeline/Pipeline.php(171): Illuminate\\Foundation\\Http\\Middleware\\CheckForMaintenanceMode->handle(Object(Illuminate\\Http\\Request), Object(Closure))
#34 /home/unilinki/public_html/csrability/vendor/fideloper/proxy/src/TrustProxies.php(57): Illuminate\\Pipeline\\Pipeline->Illuminate\\Pipeline\\{closure}(Object(Illuminate\\Http\\Request))
#35 /home/unilinki/public_html/csrability/vendor/laravel/framework/src/Illuminate/Pipeline/Pipeline.php(171): Fideloper\\Proxy\\TrustProxies->handle(Object(Illuminate\\Http\\Request), Object(Closure))
#36 /home/unilinki/public_html/csrability/vendor/laravel/framework/src/Illuminate/Pipeline/Pipeline.php(105): Illuminate\\Pipeline\\Pipeline->Illuminate\\Pipeline\\{closure}(Object(Illuminate\\Http\\Request))
#37 /home/unilinki/public_html/csrability/vendor/laravel/framework/src/Illuminate/Foundation/Http/Kernel.php(151): Illuminate\\Pipeline\\Pipeline->then(Object(Closure))
#38 /home/unilinki/public_html/csrability/vendor/laravel/framework/src/Illuminate/Foundation/Http/Kernel.php(116): Illuminate\\Foundation\\Http\\Kernel->sendRequestThroughRouter(Object(Illuminate\\Http\\Request))
#39 /home/unilinki/public_html/csrability/public/index.php(55): Illuminate\\Foundation\\Http\\Kernel->handle(Object(Illuminate\\Http\\Request))
#40 {main}
"} 
[2019-11-05 18:19:06] local.ERROR: Class 'Facade\Ignition\IgnitionServiceProvider' not found {"exception":"[object] (Symfony\\Component\\Debug\\Exception\\FatalThrowableError(code: 0): Class 'Facade\\Ignition\\IgnitionServiceProvider' not found at /home/unilinki/public_html/csrability/vendor/laravel/framework/src/Illuminate/Foundation/Application.php:637)
[stacktrace]
#0 /home/unilinki/public_html/csrability/vendor/laravel/framework/src/Illuminate/Foundation/Application.php(569): Illuminate\\Foundation\\Application->resolveProvider('Facade\\\\Ignition...')
#1 /home/unilinki/public_html/csrability/vendor/laravel/framework/src/Illuminate/Foundation/ProviderRepository.php(75): Illuminate\\Foundation\\Application->register('Facade\\\\Ignition...')
#2 /home/unilinki/public_html/csrability/vendor/laravel/framework/src/Illuminate/Foundation/Application.php(548): Illuminate\\Foundation\\ProviderRepository->load(Array)
#3 /home/unilinki/public_html/csrability/vendor/laravel/framework/src/Illuminate/Foundation/Bootstrap/RegisterProviders.php(17): Illuminate\\Foundation\\Application->registerConfiguredProviders()
#4 /home/unilinki/public_html/csrability/vendor/laravel/framework/src/Illuminate/Foundation/Application.php(206): Illuminate\\Foundation\\Bootstrap\\RegisterProviders->bootstrap(Object(Illuminate\\Foundation\\Application))
#5 /home/unilinki/public_html/csrability/vendor/laravel/framework/src/Illuminate/Foundation/Http/Kernel.php(162): Illuminate\\Foundation\\Application->bootstrapWith(Array)
#6 /home/unilinki/public_html/csrability/vendor/laravel/framework/src/Illuminate/Foundation/Http/Kernel.php(146): Illuminate\\Foundation\\Http\\Kernel->bootstrap()
#7 /home/unilinki/public_html/csrability/vendor/laravel/framework/src/Illuminate/Foundation/Http/Kernel.php(116): Illuminate\\Foundation\\Http\\Kernel->sendRequestThroughRouter(Object(Illuminate\\Http\\Request))
#8 /home/unilinki/public_html/csrability/public/index.php(55): Illuminate\\Foundation\\Http\\Kernel->handle(Object(Illuminate\\Http\\Request))
#9 {main}
"} 
[2019-11-05 18:50:50] local.ERROR: Class 'Facade\Ignition\IgnitionServiceProvider' not found {"exception":"[object] (Symfony\\Component\\Debug\\Exception\\FatalThrowableError(code: 0): Class 'Facade\\Ignition\\IgnitionServiceProvider' not found at /home/unilinki/public_html/csrability/vendor/laravel/framework/src/Illuminate/Foundation/Application.php:670)
[stacktrace]
#0 /home/unilinki/public_html/csrability/vendor/laravel/framework/src/Illuminate/Foundation/Application.php(604): Illuminate\\Foundation\\Application->resolveProvider('Facade\\\\Ignition...')
#1 /home/unilinki/public_html/csrability/vendor/laravel/framework/src/Illuminate/Foundation/ProviderRepository.php(75): Illuminate\\Foundation\\Application->register('Facade\\\\Ignition...')
#2 /home/unilinki/public_html/csrability/vendor/laravel/framework/src/Illuminate/Foundation/Application.php(584): Illuminate\\Foundation\\ProviderRepository->load(Array)
#3 /home/unilinki/public_html/csrability/vendor/laravel/framework/src/Illuminate/Foundation/Bootstrap/RegisterProviders.php(17): Illuminate\\Foundation\\Application->registerConfiguredProviders()
#4 /home/unilinki/public_html/csrability/vendor/laravel/framework/src/Illuminate/Foundation/Application.php(210): Illuminate\\Foundation\\Bootstrap\\RegisterProviders->bootstrap(Object(Illuminate\\Foundation\\Application))
#5 /home/unilinki/public_html/csrability/vendor/laravel/framework/src/Illuminate/Foundation/Http/Kernel.php(162): Illuminate\\Foundation\\Application->bootstrapWith(Array)
#6 /home/unilinki/public_html/csrability/vendor/laravel/framework/src/Illuminate/Foundation/Http/Kernel.php(146): Illuminate\\Foundation\\Http\\Kernel->bootstrap()
#7 /home/unilinki/public_html/csrability/vendor/laravel/framework/src/Illuminate/Foundation/Http/Kernel.php(116): Illuminate\\Foundation\\Http\\Kernel->sendRequestThroughRouter(Object(Illuminate\\Http\\Request))
#8 /home/unilinki/public_html/csrability/public/index.php(55): Illuminate\\Foundation\\Http\\Kernel->handle(Object(Illuminate\\Http\\Request))
#9 {main}
"} 
[2019-11-05 19:12:28] local.ERROR: Class 'Facade\Ignition\IgnitionServiceProvider' not found {"exception":"[object] (Symfony\\Component\\Debug\\Exception\\FatalThrowableError(code: 0): Class 'Facade\\Ignition\\IgnitionServiceProvider' not found at /home/unilinki/public_html/csrability/vendor/laravel/framework/src/Illuminate/Foundation/Application.php:670)
[stacktrace]
#0 /home/unilinki/public_html/csrability/vendor/laravel/framework/src/Illuminate/Foundation/Application.php(604): Illuminate\\Foundation\\Application->resolveProvider('Facade\\\\Ignition...')
#1 /home/unilinki/public_html/csrability/vendor/laravel/framework/src/Illuminate/Foundation/ProviderRepository.php(75): Illuminate\\Foundation\\Application->register('Facade\\\\Ignition...')
#2 /home/unilinki/public_html/csrability/vendor/laravel/framework/src/Illuminate/Foundation/Application.php(584): Illuminate\\Foundation\\ProviderRepository->load(Array)
#3 /home/unilinki/public_html/csrability/vendor/laravel/framework/src/Illuminate/Foundation/Bootstrap/RegisterProviders.php(17): Illuminate\\Foundation\\Application->registerConfiguredProviders()
#4 /home/unilinki/public_html/csrability/vendor/laravel/framework/src/Illuminate/Foundation/Application.php(210): Illuminate\\Foundation\\Bootstrap\\RegisterProviders->bootstrap(Object(Illuminate\\Foundation\\Application))
#5 /home/unilinki/public_html/csrability/vendor/laravel/framework/src/Illuminate/Foundation/Http/Kernel.php(162): Illuminate\\Foundation\\Application->bootstrapWith(Array)
#6 /home/unilinki/public_html/csrability/vendor/laravel/framework/src/Illuminate/Foundation/Http/Kernel.php(146): Illuminate\\Foundation\\Http\\Kernel->bootstrap()
#7 /home/unilinki/public_html/csrability/vendor/laravel/framework/src/Illuminate/Foundation/Http/Kernel.php(116): Illuminate\\Foundation\\Http\\Kernel->sendRequestThroughRouter(Object(Illuminate\\Http\\Request))
#8 /home/unilinki/public_html/csrability/public/index.php(55): Illuminate\\Foundation\\Http\\Kernel->handle(Object(Illuminate\\Http\\Request))
#9 {main}
"} 
[2019-11-05 19:14:25] local.ERROR: Class 'Facade\Ignition\IgnitionServiceProvider' not found {"exception":"[object] (Symfony\\Component\\Debug\\Exception\\FatalThrowableError(code: 0): Class 'Facade\\Ignition\\IgnitionServiceProvider' not found at /home/unilinki/public_html/csrability/vendor/laravel/framework/src/Illuminate/Foundation/Application.php:670)
[stacktrace]
#0 /home/unilinki/public_html/csrability/vendor/laravel/framework/src/Illuminate/Foundation/Application.php(604): Illuminate\\Foundation\\Application->resolveProvider('Facade\\\\Ignition...')
#1 /home/unilinki/public_html/csrability/vendor/laravel/framework/src/Illuminate/Foundation/ProviderRepository.php(75): Illuminate\\Foundation\\Application->register('Facade\\\\Ignition...')
#2 /home/unilinki/public_html/csrability/vendor/laravel/framework/src/Illuminate/Foundation/Application.php(584): Illuminate\\Foundation\\ProviderRepository->load(Array)
#3 /home/unilinki/public_html/csrability/vendor/laravel/framework/src/Illuminate/Foundation/Bootstrap/RegisterProviders.php(17): Illuminate\\Foundation\\Application->registerConfiguredProviders()
#4 /home/unilinki/public_html/csrability/vendor/laravel/framework/src/Illuminate/Foundation/Application.php(210): Illuminate\\Foundation\\Bootstrap\\RegisterProviders->bootstrap(Object(Illuminate\\Foundation\\Application))
#5 /home/unilinki/public_html/csrability/vendor/laravel/framework/src/Illuminate/Foundation/Http/Kernel.php(162): Illuminate\\Foundation\\Application->bootstrapWith(Array)
#6 /home/unilinki/public_html/csrability/vendor/laravel/framework/src/Illuminate/Foundation/Http/Kernel.php(146): Illuminate\\Foundation\\Http\\Kernel->bootstrap()
#7 /home/unilinki/public_html/csrability/vendor/laravel/framework/src/Illuminate/Foundation/Http/Kernel.php(116): Illuminate\\Foundation\\Http\\Kernel->sendRequestThroughRouter(Object(Illuminate\\Http\\Request))
#8 /home/unilinki/public_html/csrability/public/index.php(55): Illuminate\\Foundation\\Http\\Kernel->handle(Object(Illuminate\\Http\\Request))
#9 {main}
"} 
[2019-11-05 19:14:29] local.ERROR: Class 'Facade\Ignition\IgnitionServiceProvider' not found {"exception":"[object] (Symfony\\Component\\Debug\\Exception\\FatalThrowableError(code: 0): Class 'Facade\\Ignition\\IgnitionServiceProvider' not found at /home/unilinki/public_html/csrability/vendor/laravel/framework/src/Illuminate/Foundation/Application.php:670)
[stacktrace]
#0 /home/unilinki/public_html/csrability/vendor/laravel/framework/src/Illuminate/Foundation/Application.php(604): Illuminate\\Foundation\\Application->resolveProvider('Facade\\\\Ignition...')
#1 /home/unilinki/public_html/csrability/vendor/laravel/framework/src/Illuminate/Foundation/ProviderRepository.php(75): Illuminate\\Foundation\\Application->register('Facade\\\\Ignition...')
#2 /home/unilinki/public_html/csrability/vendor/laravel/framework/src/Illuminate/Foundation/Application.php(584): Illuminate\\Foundation\\ProviderRepository->load(Array)
#3 /home/unilinki/public_html/csrability/vendor/laravel/framework/src/Illuminate/Foundation/Bootstrap/RegisterProviders.php(17): Illuminate\\Foundation\\Application->registerConfiguredProviders()
#4 /home/unilinki/public_html/csrability/vendor/laravel/framework/src/Illuminate/Foundation/Application.php(210): Illuminate\\Foundation\\Bootstrap\\RegisterProviders->bootstrap(Object(Illuminate\\Foundation\\Application))
#5 /home/unilinki/public_html/csrability/vendor/laravel/framework/src/Illuminate/Foundation/Http/Kernel.php(162): Illuminate\\Foundation\\Application->bootstrapWith(Array)
#6 /home/unilinki/public_html/csrability/vendor/laravel/framework/src/Illuminate/Foundation/Http/Kernel.php(146): Illuminate\\Foundation\\Http\\Kernel->bootstrap()
#7 /home/unilinki/public_html/csrability/vendor/laravel/framework/src/Illuminate/Foundation/Http/Kernel.php(116): Illuminate\\Foundation\\Http\\Kernel->sendRequestThroughRouter(Object(Illuminate\\Http\\Request))
#8 /home/unilinki/public_html/csrability/public/index.php(55): Illuminate\\Foundation\\Http\\Kernel->handle(Object(Illuminate\\Http\\Request))
#9 {main}
"} 
[2019-11-05 19:14:34] local.ERROR: Class 'Facade\Ignition\IgnitionServiceProvider' not found {"exception":"[object] (Symfony\\Component\\Debug\\Exception\\FatalThrowableError(code: 0): Class 'Facade\\Ignition\\IgnitionServiceProvider' not found at /home/unilinki/public_html/csrability/vendor/laravel/framework/src/Illuminate/Foundation/Application.php:670)
[stacktrace]
#0 /home/unilinki/public_html/csrability/vendor/laravel/framework/src/Illuminate/Foundation/Application.php(604): Illuminate\\Foundation\\Application->resolveProvider('Facade\\\\Ignition...')
#1 /home/unilinki/public_html/csrability/vendor/laravel/framework/src/Illuminate/Foundation/ProviderRepository.php(75): Illuminate\\Foundation\\Application->register('Facade\\\\Ignition...')
#2 /home/unilinki/public_html/csrability/vendor/laravel/framework/src/Illuminate/Foundation/Application.php(584): Illuminate\\Foundation\\ProviderRepository->load(Array)
#3 /home/unilinki/public_html/csrability/vendor/laravel/framework/src/Illuminate/Foundation/Bootstrap/RegisterProviders.php(17): Illuminate\\Foundation\\Application->registerConfiguredProviders()
#4 /home/unilinki/public_html/csrability/vendor/laravel/framework/src/Illuminate/Foundation/Application.php(210): Illuminate\\Foundation\\Bootstrap\\RegisterProviders->bootstrap(Object(Illuminate\\Foundation\\Application))
#5 /home/unilinki/public_html/csrability/vendor/laravel/framework/src/Illuminate/Foundation/Http/Kernel.php(162): Illuminate\\Foundation\\Application->bootstrapWith(Array)
#6 /home/unilinki/public_html/csrability/vendor/laravel/framework/src/Illuminate/Foundation/Http/Kernel.php(146): Illuminate\\Foundation\\Http\\Kernel->bootstrap()
#7 /home/unilinki/public_html/csrability/vendor/laravel/framework/src/Illuminate/Foundation/Http/Kernel.php(116): Illuminate\\Foundation\\Http\\Kernel->sendRequestThroughRouter(Object(Illuminate\\Http\\Request))
#8 /home/unilinki/public_html/csrability/public/index.php(55): Illuminate\\Foundation\\Http\\Kernel->handle(Object(Illuminate\\Http\\Request))
#9 {main}
"} 
[2019-11-05 19:14:40] local.ERROR: Class 'Facade\Ignition\IgnitionServiceProvider' not found {"exception":"[object] (Symfony\\Component\\Debug\\Exception\\FatalThrowableError(code: 0): Class 'Facade\\Ignition\\IgnitionServiceProvider' not found at /home/unilinki/public_html/csrability/vendor/laravel/framework/src/Illuminate/Foundation/Application.php:670)
[stacktrace]
#0 /home/unilinki/public_html/csrability/vendor/laravel/framework/src/Illuminate/Foundation/Application.php(604): Illuminate\\Foundation\\Application->resolveProvider('Facade\\\\Ignition...')
#1 /home/unilinki/public_html/csrability/vendor/laravel/framework/src/Illuminate/Foundation/ProviderRepository.php(75): Illuminate\\Foundation\\Application->register('Facade\\\\Ignition...')
#2 /home/unilinki/public_html/csrability/vendor/laravel/framework/src/Illuminate/Foundation/Application.php(584): Illuminate\\Foundation\\ProviderRepository->load(Array)
#3 /home/unilinki/public_html/csrability/vendor/laravel/framework/src/Illuminate/Foundation/Bootstrap/RegisterProviders.php(17): Illuminate\\Foundation\\Application->registerConfiguredProviders()
#4 /home/unilinki/public_html/csrability/vendor/laravel/framework/src/Illuminate/Foundation/Application.php(210): Illuminate\\Foundation\\Bootstrap\\RegisterProviders->bootstrap(Object(Illuminate\\Foundation\\Application))
#5 /home/unilinki/public_html/csrability/vendor/laravel/framework/src/Illuminate/Foundation/Http/Kernel.php(162): Illuminate\\Foundation\\Application->bootstrapWith(Array)
#6 /home/unilinki/public_html/csrability/vendor/laravel/framework/src/Illuminate/Foundation/Http/Kernel.php(146): Illuminate\\Foundation\\Http\\Kernel->bootstrap()
#7 /home/unilinki/public_html/csrability/vendor/laravel/framework/src/Illuminate/Foundation/Http/Kernel.php(116): Illuminate\\Foundation\\Http\\Kernel->sendRequestThroughRouter(Object(Illuminate\\Http\\Request))
#8 /home/unilinki/public_html/csrability/public/index.php(55): Illuminate\\Foundation\\Http\\Kernel->handle(Object(Illuminate\\Http\\Request))
#9 {main}
"} 
[2019-11-05 20:34:34] local.ERROR: Class 'Facade\Ignition\IgnitionServiceProvider' not found {"exception":"[object] (Symfony\\Component\\Debug\\Exception\\FatalThrowableError(code: 0): Class 'Facade\\Ignition\\IgnitionServiceProvider' not found at /home/unilinki/public_html/csrability/vendor/laravel/framework/src/Illuminate/Foundation/Application.php:670)
[stacktrace]
#0 /home/unilinki/public_html/csrability/vendor/laravel/framework/src/Illuminate/Foundation/Application.php(604): Illuminate\\Foundation\\Application->resolveProvider('Facade\\\\Ignition...')
#1 /home/unilinki/public_html/csrability/vendor/laravel/framework/src/Illuminate/Foundation/ProviderRepository.php(75): Illuminate\\Foundation\\Application->register('Facade\\\\Ignition...')
#2 /home/unilinki/public_html/csrability/vendor/laravel/framework/src/Illuminate/Foundation/Application.php(584): Illuminate\\Foundation\\ProviderRepository->load(Array)
#3 /home/unilinki/public_html/csrability/vendor/laravel/framework/src/Illuminate/Foundation/Bootstrap/RegisterProviders.php(17): Illuminate\\Foundation\\Application->registerConfiguredProviders()
#4 /home/unilinki/public_html/csrability/vendor/laravel/framework/src/Illuminate/Foundation/Application.php(210): Illuminate\\Foundation\\Bootstrap\\RegisterProviders->bootstrap(Object(Illuminate\\Foundation\\Application))
#5 /home/unilinki/public_html/csrability/vendor/laravel/framework/src/Illuminate/Foundation/Http/Kernel.php(162): Illuminate\\Foundation\\Application->bootstrapWith(Array)
#6 /home/unilinki/public_html/csrability/vendor/laravel/framework/src/Illuminate/Foundation/Http/Kernel.php(146): Illuminate\\Foundation\\Http\\Kernel->bootstrap()
#7 /home/unilinki/public_html/csrability/vendor/laravel/framework/src/Illuminate/Foundation/Http/Kernel.php(116): Illuminate\\Foundation\\Http\\Kernel->sendRequestThroughRouter(Object(Illuminate\\Http\\Request))
#8 /home/unilinki/public_html/csrability/public/index.php(55): Illuminate\\Foundation\\Http\\Kernel->handle(Object(Illuminate\\Http\\Request))
#9 {main}
"} 
[2019-11-05 20:43:46] local.ERROR: Class 'Facade\Ignition\IgnitionServiceProvider' not found {"exception":"[object] (Symfony\\Component\\Debug\\Exception\\FatalThrowableError(code: 0): Class 'Facade\\Ignition\\IgnitionServiceProvider' not found at /home/unilinki/public_html/csrability/vendor/laravel/framework/src/Illuminate/Foundation/Application.php:632)
[stacktrace]
#0 /home/unilinki/public_html/csrability/vendor/laravel/framework/src/Illuminate/Foundation/Application.php(568): Illuminate\\Foundation\\Application->resolveProvider('Facade\\\\Ignition...')
#1 /home/unilinki/public_html/csrability/vendor/laravel/framework/src/Illuminate/Foundation/ProviderRepository.php(75): Illuminate\\Foundation\\Application->register('Facade\\\\Ignition...')
#2 /home/unilinki/public_html/csrability/vendor/laravel/framework/src/Illuminate/Foundation/Application.php(548): Illuminate\\Foundation\\ProviderRepository->load(Array)
#3 /home/unilinki/public_html/csrability/vendor/laravel/framework/src/Illuminate/Foundation/Bootstrap/RegisterProviders.php(17): Illuminate\\Foundation\\Application->registerConfiguredProviders()
#4 /home/unilinki/public_html/csrability/vendor/laravel/framework/src/Illuminate/Foundation/Application.php(204): Illuminate\\Foundation\\Bootstrap\\RegisterProviders->bootstrap(Object(Illuminate\\Foundation\\Application))
#5 /home/unilinki/public_html/csrability/vendor/laravel/framework/src/Illuminate/Foundation/Http/Kernel.php(162): Illuminate\\Foundation\\Application->bootstrapWith(Array)
#6 /home/unilinki/public_html/csrability/vendor/laravel/framework/src/Illuminate/Foundation/Http/Kernel.php(146): Illuminate\\Foundation\\Http\\Kernel->bootstrap()
#7 /home/unilinki/public_html/csrability/vendor/laravel/framework/src/Illuminate/Foundation/Http/Kernel.php(116): Illuminate\\Foundation\\Http\\Kernel->sendRequestThroughRouter(Object(Illuminate\\Http\\Request))
#8 /home/unilinki/public_html/csrability/public/index.php(55): Illuminate\\Foundation\\Http\\Kernel->handle(Object(Illuminate\\Http\\Request))
#9 {main}
"} 
[2019-11-05 20:43:57] local.ERROR: Class 'Facade\Ignition\IgnitionServiceProvider' not found {"exception":"[object] (Symfony\\Component\\Debug\\Exception\\FatalThrowableError(code: 0): Class 'Facade\\Ignition\\IgnitionServiceProvider' not found at /home/unilinki/public_html/csrability/vendor/laravel/framework/src/Illuminate/Foundation/Application.php:632)
[stacktrace]
#0 /home/unilinki/public_html/csrability/vendor/laravel/framework/src/Illuminate/Foundation/Application.php(568): Illuminate\\Foundation\\Application->resolveProvider('Facade\\\\Ignition...')
#1 /home/unilinki/public_html/csrability/vendor/laravel/framework/src/Illuminate/Foundation/ProviderRepository.php(75): Illuminate\\Foundation\\Application->register('Facade\\\\Ignition...')
#2 /home/unilinki/public_html/csrability/vendor/laravel/framework/src/Illuminate/Foundation/Application.php(548): Illuminate\\Foundation\\ProviderRepository->load(Array)
#3 /home/unilinki/public_html/csrability/vendor/laravel/framework/src/Illuminate/Foundation/Bootstrap/RegisterProviders.php(17): Illuminate\\Foundation\\Application->registerConfiguredProviders()
#4 /home/unilinki/public_html/csrability/vendor/laravel/framework/src/Illuminate/Foundation/Application.php(204): Illuminate\\Foundation\\Bootstrap\\RegisterProviders->bootstrap(Object(Illuminate\\Foundation\\Application))
#5 /home/unilinki/public_html/csrability/vendor/laravel/framework/src/Illuminate/Foundation/Http/Kernel.php(162): Illuminate\\Foundation\\Application->bootstrapWith(Array)
#6 /home/unilinki/public_html/csrability/vendor/laravel/framework/src/Illuminate/Foundation/Http/Kernel.php(146): Illuminate\\Foundation\\Http\\Kernel->bootstrap()
#7 /home/unilinki/public_html/csrability/vendor/laravel/framework/src/Illuminate/Foundation/Http/Kernel.php(116): Illuminate\\Foundation\\Http\\Kernel->sendRequestThroughRouter(Object(Illuminate\\Http\\Request))
#8 /home/unilinki/public_html/csrability/public/index.php(55): Illuminate\\Foundation\\Http\\Kernel->handle(Object(Illuminate\\Http\\Request))
#9 {main}
"} 
[2019-11-05 20:45:10] local.ERROR: Call to a member function register() on null {"exception":"[object] (Symfony\\Component\\Debug\\Exception\\FatalThrowableError(code: 0): Call to a member function register() on null at /home/unilinki/public_html/csrability/vendor/laravel/framework/src/Illuminate/Foundation/Application.php:572)
[stacktrace]
#0 /home/unilinki/public_html/csrability/vendor/laravel/framework/src/Illuminate/Foundation/ProviderRepository.php(75): Illuminate\\Foundation\\Application->register(NULL)
#1 /home/unilinki/public_html/csrability/vendor/laravel/framework/src/Illuminate/Foundation/Application.php(548): Illuminate\\Foundation\\ProviderRepository->load(Array)
#2 /home/unilinki/public_html/csrability/vendor/laravel/framework/src/Illuminate/Foundation/Bootstrap/RegisterProviders.php(17): Illuminate\\Foundation\\Application->registerConfiguredProviders()
#3 /home/unilinki/public_html/csrability/vendor/laravel/framework/src/Illuminate/Foundation/Application.php(204): Illuminate\\Foundation\\Bootstrap\\RegisterProviders->bootstrap(Object(Illuminate\\Foundation\\Application))
#4 /home/unilinki/public_html/csrability/vendor/laravel/framework/src/Illuminate/Foundation/Http/Kernel.php(162): Illuminate\\Foundation\\Application->bootstrapWith(Array)
#5 /home/unilinki/public_html/csrability/vendor/laravel/framework/src/Illuminate/Foundation/Http/Kernel.php(146): Illuminate\\Foundation\\Http\\Kernel->bootstrap()
#6 /home/unilinki/public_html/csrability/vendor/laravel/framework/src/Illuminate/Foundation/Http/Kernel.php(116): Illuminate\\Foundation\\Http\\Kernel->sendRequestThroughRouter(Object(Illuminate\\Http\\Request))
#7 /home/unilinki/public_html/csrability/public/index.php(55): Illuminate\\Foundation\\Http\\Kernel->handle(Object(Illuminate\\Http\\Request))
#8 {main}
"} 
[2019-11-05 20:46:36] local.ERROR: Call to a member function register() on null {"exception":"[object] (Symfony\\Component\\Debug\\Exception\\FatalThrowableError(code: 0): Call to a member function register() on null at /home/unilinki/public_html/csrability/vendor/laravel/framework/src/Illuminate/Foundation/Application.php:572)
[stacktrace]
#0 /home/unilinki/public_html/csrability/vendor/laravel/framework/src/Illuminate/Foundation/ProviderRepository.php(75): Illuminate\\Foundation\\Application->register(NULL)
#1 /home/unilinki/public_html/csrability/vendor/laravel/framework/src/Illuminate/Foundation/Application.php(548): Illuminate\\Foundation\\ProviderRepository->load(Array)
#2 /home/unilinki/public_html/csrability/vendor/laravel/framework/src/Illuminate/Foundation/Bootstrap/RegisterProviders.php(17): Illuminate\\Foundation\\Application->registerConfiguredProviders()
#3 /home/unilinki/public_html/csrability/vendor/laravel/framework/src/Illuminate/Foundation/Application.php(204): Illuminate\\Foundation\\Bootstrap\\RegisterProviders->bootstrap(Object(Illuminate\\Foundation\\Application))
#4 /home/unilinki/public_html/csrability/vendor/laravel/framework/src/Illuminate/Foundation/Http/Kernel.php(162): Illuminate\\Foundation\\Application->bootstrapWith(Array)
#5 /home/unilinki/public_html/csrability/vendor/laravel/framework/src/Illuminate/Foundation/Http/Kernel.php(146): Illuminate\\Foundation\\Http\\Kernel->bootstrap()
#6 /home/unilinki/public_html/csrability/vendor/laravel/framework/src/Illuminate/Foundation/Http/Kernel.php(116): Illuminate\\Foundation\\Http\\Kernel->sendRequestThroughRouter(Object(Illuminate\\Http\\Request))
#7 /home/unilinki/public_html/csrability/public/index.php(55): Illuminate\\Foundation\\Http\\Kernel->handle(Object(Illuminate\\Http\\Request))
#8 {main}
"} 
[2019-11-05 20:46:42] local.ERROR: Call to a member function register() on null {"exception":"[object] (Symfony\\Component\\Debug\\Exception\\FatalThrowableError(code: 0): Call to a member function register() on null at /home/unilinki/public_html/csrability/vendor/laravel/framework/src/Illuminate/Foundation/Application.php:572)
[stacktrace]
#0 /home/unilinki/public_html/csrability/vendor/laravel/framework/src/Illuminate/Foundation/ProviderRepository.php(75): Illuminate\\Foundation\\Application->register(NULL)
#1 /home/unilinki/public_html/csrability/vendor/laravel/framework/src/Illuminate/Foundation/Application.php(548): Illuminate\\Foundation\\ProviderRepository->load(Array)
#2 /home/unilinki/public_html/csrability/vendor/laravel/framework/src/Illuminate/Foundation/Bootstrap/RegisterProviders.php(17): Illuminate\\Foundation\\Application->registerConfiguredProviders()
#3 /home/unilinki/public_html/csrability/vendor/laravel/framework/src/Illuminate/Foundation/Application.php(204): Illuminate\\Foundation\\Bootstrap\\RegisterProviders->bootstrap(Object(Illuminate\\Foundation\\Application))
#4 /home/unilinki/public_html/csrability/vendor/laravel/framework/src/Illuminate/Foundation/Http/Kernel.php(162): Illuminate\\Foundation\\Application->bootstrapWith(Array)
#5 /home/unilinki/public_html/csrability/vendor/laravel/framework/src/Illuminate/Foundation/Http/Kernel.php(146): Illuminate\\Foundation\\Http\\Kernel->bootstrap()
#6 /home/unilinki/public_html/csrability/vendor/laravel/framework/src/Illuminate/Foundation/Http/Kernel.php(116): Illuminate\\Foundation\\Http\\Kernel->sendRequestThroughRouter(Object(Illuminate\\Http\\Request))
#7 /home/unilinki/public_html/csrability/public/index.php(55): Illuminate\\Foundation\\Http\\Kernel->handle(Object(Illuminate\\Http\\Request))
#8 {main}
"} 
[2019-11-05 20:47:06] local.ERROR: Call to a member function register() on null {"exception":"[object] (Symfony\\Component\\Debug\\Exception\\FatalThrowableError(code: 0): Call to a member function register() on null at /home/unilinki/public_html/csrability/vendor/laravel/framework/src/Illuminate/Foundation/Application.php:572)
[stacktrace]
#0 /home/unilinki/public_html/csrability/vendor/laravel/framework/src/Illuminate/Foundation/ProviderRepository.php(75): Illuminate\\Foundation\\Application->register(NULL)
#1 /home/unilinki/public_html/csrability/vendor/laravel/framework/src/Illuminate/Foundation/Application.php(548): Illuminate\\Foundation\\ProviderRepository->load(Array)
#2 /home/unilinki/public_html/csrability/vendor/laravel/framework/src/Illuminate/Foundation/Bootstrap/RegisterProviders.php(17): Illuminate\\Foundation\\Application->registerConfiguredProviders()
#3 /home/unilinki/public_html/csrability/vendor/laravel/framework/src/Illuminate/Foundation/Application.php(204): Illuminate\\Foundation\\Bootstrap\\RegisterProviders->bootstrap(Object(Illuminate\\Foundation\\Application))
#4 /home/unilinki/public_html/csrability/vendor/laravel/framework/src/Illuminate/Foundation/Http/Kernel.php(162): Illuminate\\Foundation\\Application->bootstrapWith(Array)
#5 /home/unilinki/public_html/csrability/vendor/laravel/framework/src/Illuminate/Foundation/Http/Kernel.php(146): Illuminate\\Foundation\\Http\\Kernel->bootstrap()
#6 /home/unilinki/public_html/csrability/vendor/laravel/framework/src/Illuminate/Foundation/Http/Kernel.php(116): Illuminate\\Foundation\\Http\\Kernel->sendRequestThroughRouter(Object(Illuminate\\Http\\Request))
#7 /home/unilinki/public_html/csrability/public/index.php(55): Illuminate\\Foundation\\Http\\Kernel->handle(Object(Illuminate\\Http\\Request))
#8 {main}
"} 
[2019-11-05 20:47:10] local.ERROR: Call to a member function register() on null {"exception":"[object] (Symfony\\Component\\Debug\\Exception\\FatalThrowableError(code: 0): Call to a member function register() on null at /home/unilinki/public_html/csrability/vendor/laravel/framework/src/Illuminate/Foundation/Application.php:572)
[stacktrace]
#0 /home/unilinki/public_html/csrability/vendor/laravel/framework/src/Illuminate/Foundation/ProviderRepository.php(75): Illuminate\\Foundation\\Application->register(NULL)
#1 /home/unilinki/public_html/csrability/vendor/laravel/framework/src/Illuminate/Foundation/Application.php(548): Illuminate\\Foundation\\ProviderRepository->load(Array)
#2 /home/unilinki/public_html/csrability/vendor/laravel/framework/src/Illuminate/Foundation/Bootstrap/RegisterProviders.php(17): Illuminate\\Foundation\\Application->registerConfiguredProviders()
#3 /home/unilinki/public_html/csrability/vendor/laravel/framework/src/Illuminate/Foundation/Application.php(204): Illuminate\\Foundation\\Bootstrap\\RegisterProviders->bootstrap(Object(Illuminate\\Foundation\\Application))
#4 /home/unilinki/public_html/csrability/vendor/laravel/framework/src/Illuminate/Foundation/Http/Kernel.php(162): Illuminate\\Foundation\\Application->bootstrapWith(Array)
#5 /home/unilinki/public_html/csrability/vendor/laravel/framework/src/Illuminate/Foundation/Http/Kernel.php(146): Illuminate\\Foundation\\Http\\Kernel->bootstrap()
#6 /home/unilinki/public_html/csrability/vendor/laravel/framework/src/Illuminate/Foundation/Http/Kernel.php(116): Illuminate\\Foundation\\Http\\Kernel->sendRequestThroughRouter(Object(Illuminate\\Http\\Request))
#7 /home/unilinki/public_html/csrability/public/index.php(55): Illuminate\\Foundation\\Http\\Kernel->handle(Object(Illuminate\\Http\\Request))
#8 {main}
"} 
[2019-11-05 20:47:49] local.ERROR: Call to a member function register() on null {"exception":"[object] (Symfony\\Component\\Debug\\Exception\\FatalThrowableError(code: 0): Call to a member function register() on null at /home/unilinki/public_html/csrability/vendor/laravel/framework/src/Illuminate/Foundation/Application.php:572)
[stacktrace]
#0 /home/unilinki/public_html/csrability/vendor/laravel/framework/src/Illuminate/Foundation/ProviderRepository.php(75): Illuminate\\Foundation\\Application->register(NULL)
#1 /home/unilinki/public_html/csrability/vendor/laravel/framework/src/Illuminate/Foundation/Application.php(548): Illuminate\\Foundation\\ProviderRepository->load(Array)
#2 /home/unilinki/public_html/csrability/vendor/laravel/framework/src/Illuminate/Foundation/Bootstrap/RegisterProviders.php(17): Illuminate\\Foundation\\Application->registerConfiguredProviders()
#3 /home/unilinki/public_html/csrability/vendor/laravel/framework/src/Illuminate/Foundation/Application.php(204): Illuminate\\Foundation\\Bootstrap\\RegisterProviders->bootstrap(Object(Illuminate\\Foundation\\Application))
#4 /home/unilinki/public_html/csrability/vendor/laravel/framework/src/Illuminate/Foundation/Http/Kernel.php(162): Illuminate\\Foundation\\Application->bootstrapWith(Array)
#5 /home/unilinki/public_html/csrability/vendor/laravel/framework/src/Illuminate/Foundation/Http/Kernel.php(146): Illuminate\\Foundation\\Http\\Kernel->bootstrap()
#6 /home/unilinki/public_html/csrability/vendor/laravel/framework/src/Illuminate/Foundation/Http/Kernel.php(116): Illuminate\\Foundation\\Http\\Kernel->sendRequestThroughRouter(Object(Illuminate\\Http\\Request))
#7 /home/unilinki/public_html/csrability/public/index.php(55): Illuminate\\Foundation\\Http\\Kernel->handle(Object(Illuminate\\Http\\Request))
#8 {main}
"} 
[2019-11-05 20:59:01] local.ERROR: Call to a member function register() on null {"exception":"[object] (Symfony\\Component\\Debug\\Exception\\FatalThrowableError(code: 0): Call to a member function register() on null at /home/unilinki/public_html/csrability/vendor/laravel/framework/src/Illuminate/Foundation/Application.php:572)
[stacktrace]
#0 /home/unilinki/public_html/csrability/vendor/laravel/framework/src/Illuminate/Foundation/ProviderRepository.php(75): Illuminate\\Foundation\\Application->register(NULL)
#1 /home/unilinki/public_html/csrability/vendor/laravel/framework/src/Illuminate/Foundation/Application.php(548): Illuminate\\Foundation\\ProviderRepository->load(Array)
#2 /home/unilinki/public_html/csrability/vendor/laravel/framework/src/Illuminate/Foundation/Bootstrap/RegisterProviders.php(17): Illuminate\\Foundation\\Application->registerConfiguredProviders()
#3 /home/unilinki/public_html/csrability/vendor/laravel/framework/src/Illuminate/Foundation/Application.php(204): Illuminate\\Foundation\\Bootstrap\\RegisterProviders->bootstrap(Object(Illuminate\\Foundation\\Application))
#4 /home/unilinki/public_html/csrability/vendor/laravel/framework/src/Illuminate/Foundation/Http/Kernel.php(162): Illuminate\\Foundation\\Application->bootstrapWith(Array)
#5 /home/unilinki/public_html/csrability/vendor/laravel/framework/src/Illuminate/Foundation/Http/Kernel.php(146): Illuminate\\Foundation\\Http\\Kernel->bootstrap()
#6 /home/unilinki/public_html/csrability/vendor/laravel/framework/src/Illuminate/Foundation/Http/Kernel.php(116): Illuminate\\Foundation\\Http\\Kernel->sendRequestThroughRouter(Object(Illuminate\\Http\\Request))
#7 /home/unilinki/public_html/csrability/public/index.php(55): Illuminate\\Foundation\\Http\\Kernel->handle(Object(Illuminate\\Http\\Request))
#8 {main}
"} 
[2019-11-05 20:59:56] local.ERROR: Call to a member function register() on null {"exception":"[object] (Symfony\\Component\\Debug\\Exception\\FatalThrowableError(code: 0): Call to a member function register() on null at /home/unilinki/public_html/csrability/vendor/laravel/framework/src/Illuminate/Foundation/Application.php:572)
[stacktrace]
#0 /home/unilinki/public_html/csrability/vendor/laravel/framework/src/Illuminate/Foundation/ProviderRepository.php(75): Illuminate\\Foundation\\Application->register(NULL)
#1 /home/unilinki/public_html/csrability/vendor/laravel/framework/src/Illuminate/Foundation/Application.php(548): Illuminate\\Foundation\\ProviderRepository->load(Array)
#2 /home/unilinki/public_html/csrability/vendor/laravel/framework/src/Illuminate/Foundation/Bootstrap/RegisterProviders.php(17): Illuminate\\Foundation\\Application->registerConfiguredProviders()
#3 /home/unilinki/public_html/csrability/vendor/laravel/framework/src/Illuminate/Foundation/Application.php(204): Illuminate\\Foundation\\Bootstrap\\RegisterProviders->bootstrap(Object(Illuminate\\Foundation\\Application))
#4 /home/unilinki/public_html/csrability/vendor/laravel/framework/src/Illuminate/Foundation/Http/Kernel.php(162): Illuminate\\Foundation\\Application->bootstrapWith(Array)
#5 /home/unilinki/public_html/csrability/vendor/laravel/framework/src/Illuminate/Foundation/Http/Kernel.php(146): Illuminate\\Foundation\\Http\\Kernel->bootstrap()
#6 /home/unilinki/public_html/csrability/vendor/laravel/framework/src/Illuminate/Foundation/Http/Kernel.php(116): Illuminate\\Foundation\\Http\\Kernel->sendRequestThroughRouter(Object(Illuminate\\Http\\Request))
#7 /home/unilinki/public_html/csrability/public/index.php(55): Illuminate\\Foundation\\Http\\Kernel->handle(Object(Illuminate\\Http\\Request))
#8 {main}
"} 
[2019-11-05 21:00:07] local.ERROR: Call to a member function register() on null {"exception":"[object] (Symfony\\Component\\Debug\\Exception\\FatalThrowableError(code: 0): Call to a member function register() on null at /home/unilinki/public_html/csrability/vendor/laravel/framework/src/Illuminate/Foundation/Application.php:572)
[stacktrace]
#0 /home/unilinki/public_html/csrability/vendor/laravel/framework/src/Illuminate/Foundation/ProviderRepository.php(75): Illuminate\\Foundation\\Application->register(NULL)
#1 /home/unilinki/public_html/csrability/vendor/laravel/framework/src/Illuminate/Foundation/Application.php(548): Illuminate\\Foundation\\ProviderRepository->load(Array)
#2 /home/unilinki/public_html/csrability/vendor/laravel/framework/src/Illuminate/Foundation/Bootstrap/RegisterProviders.php(17): Illuminate\\Foundation\\Application->registerConfiguredProviders()
#3 /home/unilinki/public_html/csrability/vendor/laravel/framework/src/Illuminate/Foundation/Application.php(204): Illuminate\\Foundation\\Bootstrap\\RegisterProviders->bootstrap(Object(Illuminate\\Foundation\\Application))
#4 /home/unilinki/public_html/csrability/vendor/laravel/framework/src/Illuminate/Foundation/Http/Kernel.php(162): Illuminate\\Foundation\\Application->bootstrapWith(Array)
#5 /home/unilinki/public_html/csrability/vendor/laravel/framework/src/Illuminate/Foundation/Http/Kernel.php(146): Illuminate\\Foundation\\Http\\Kernel->bootstrap()
#6 /home/unilinki/public_html/csrability/vendor/laravel/framework/src/Illuminate/Foundation/Http/Kernel.php(116): Illuminate\\Foundation\\Http\\Kernel->sendRequestThroughRouter(Object(Illuminate\\Http\\Request))
#7 /home/unilinki/public_html/csrability/public/index.php(55): Illuminate\\Foundation\\Http\\Kernel->handle(Object(Illuminate\\Http\\Request))
#8 {main}
"} 
[2019-11-05 21:00:11] local.ERROR: Call to a member function register() on null {"exception":"[object] (Symfony\\Component\\Debug\\Exception\\FatalThrowableError(code: 0): Call to a member function register() on null at /home/unilinki/public_html/csrability/vendor/laravel/framework/src/Illuminate/Foundation/Application.php:572)
[stacktrace]
#0 /home/unilinki/public_html/csrability/vendor/laravel/framework/src/Illuminate/Foundation/ProviderRepository.php(75): Illuminate\\Foundation\\Application->register(NULL)
#1 /home/unilinki/public_html/csrability/vendor/laravel/framework/src/Illuminate/Foundation/Application.php(548): Illuminate\\Foundation\\ProviderRepository->load(Array)
#2 /home/unilinki/public_html/csrability/vendor/laravel/framework/src/Illuminate/Foundation/Bootstrap/RegisterProviders.php(17): Illuminate\\Foundation\\Application->registerConfiguredProviders()
#3 /home/unilinki/public_html/csrability/vendor/laravel/framework/src/Illuminate/Foundation/Application.php(204): Illuminate\\Foundation\\Bootstrap\\RegisterProviders->bootstrap(Object(Illuminate\\Foundation\\Application))
#4 /home/unilinki/public_html/csrability/vendor/laravel/framework/src/Illuminate/Foundation/Http/Kernel.php(162): Illuminate\\Foundation\\Application->bootstrapWith(Array)
#5 /home/unilinki/public_html/csrability/vendor/laravel/framework/src/Illuminate/Foundation/Http/Kernel.php(146): Illuminate\\Foundation\\Http\\Kernel->bootstrap()
#6 /home/unilinki/public_html/csrability/vendor/laravel/framework/src/Illuminate/Foundation/Http/Kernel.php(116): Illuminate\\Foundation\\Http\\Kernel->sendRequestThroughRouter(Object(Illuminate\\Http\\Request))
#7 /home/unilinki/public_html/csrability/public/index.php(55): Illuminate\\Foundation\\Http\\Kernel->handle(Object(Illuminate\\Http\\Request))
#8 {main}
"} 
[2019-11-05 21:00:30] local.ERROR: Call to a member function register() on null {"exception":"[object] (Symfony\\Component\\Debug\\Exception\\FatalThrowableError(code: 0): Call to a member function register() on null at /home/unilinki/public_html/csrability/vendor/laravel/framework/src/Illuminate/Foundation/Application.php:572)
[stacktrace]
#0 /home/unilinki/public_html/csrability/vendor/laravel/framework/src/Illuminate/Foundation/ProviderRepository.php(75): Illuminate\\Foundation\\Application->register(NULL)
#1 /home/unilinki/public_html/csrability/vendor/laravel/framework/src/Illuminate/Foundation/Application.php(548): Illuminate\\Foundation\\ProviderRepository->load(Array)
#2 /home/unilinki/public_html/csrability/vendor/laravel/framework/src/Illuminate/Foundation/Bootstrap/RegisterProviders.php(17): Illuminate\\Foundation\\Application->registerConfiguredProviders()
#3 /home/unilinki/public_html/csrability/vendor/laravel/framework/src/Illuminate/Foundation/Application.php(204): Illuminate\\Foundation\\Bootstrap\\RegisterProviders->bootstrap(Object(Illuminate\\Foundation\\Application))
#4 /home/unilinki/public_html/csrability/vendor/laravel/framework/src/Illuminate/Foundation/Http/Kernel.php(162): Illuminate\\Foundation\\Application->bootstrapWith(Array)
#5 /home/unilinki/public_html/csrability/vendor/laravel/framework/src/Illuminate/Foundation/Http/Kernel.php(146): Illuminate\\Foundation\\Http\\Kernel->bootstrap()
#6 /home/unilinki/public_html/csrability/vendor/laravel/framework/src/Illuminate/Foundation/Http/Kernel.php(116): Illuminate\\Foundation\\Http\\Kernel->sendRequestThroughRouter(Object(Illuminate\\Http\\Request))
#7 /home/unilinki/public_html/csrability/public/index.php(55): Illuminate\\Foundation\\Http\\Kernel->handle(Object(Illuminate\\Http\\Request))
#8 {main}
"} 
[2019-11-05 21:05:41] local.ERROR: Class 'Facade\Ignition\IgnitionServiceProvider' not found {"exception":"[object] (Symfony\\Component\\Debug\\Exception\\FatalThrowableError(code: 0): Class 'Facade\\Ignition\\IgnitionServiceProvider' not found at /home/unilinki/public_html/csrability/vendor/laravel/framework/src/Illuminate/Foundation/Application.php:630)
[stacktrace]
#0 /home/unilinki/public_html/csrability/vendor/laravel/framework/src/Illuminate/Foundation/Application.php(567): Illuminate\\Foundation\\Application->resolveProvider('Facade\\\\Ignition...')
#1 /home/unilinki/public_html/csrability/vendor/laravel/framework/src/Illuminate/Foundation/ProviderRepository.php(75): Illuminate\\Foundation\\Application->register('Facade\\\\Ignition...')
#2 /home/unilinki/public_html/csrability/vendor/laravel/framework/src/Illuminate/Foundation/Application.php(548): Illuminate\\Foundation\\ProviderRepository->load(Array)
#3 /home/unilinki/public_html/csrability/vendor/laravel/framework/src/Illuminate/Foundation/Bootstrap/RegisterProviders.php(17): Illuminate\\Foundation\\Application->registerConfiguredProviders()
#4 /home/unilinki/public_html/csrability/vendor/laravel/framework/src/Illuminate/Foundation/Application.php(204): Illuminate\\Foundation\\Bootstrap\\RegisterProviders->bootstrap(Object(Illuminate\\Foundation\\Application))
#5 /home/unilinki/public_html/csrability/vendor/laravel/framework/src/Illuminate/Foundation/Http/Kernel.php(162): Illuminate\\Foundation\\Application->bootstrapWith(Array)
#6 /home/unilinki/public_html/csrability/vendor/laravel/framework/src/Illuminate/Foundation/Http/Kernel.php(146): Illuminate\\Foundation\\Http\\Kernel->bootstrap()
#7 /home/unilinki/public_html/csrability/vendor/laravel/framework/src/Illuminate/Foundation/Http/Kernel.php(116): Illuminate\\Foundation\\Http\\Kernel->sendRequestThroughRouter(Object(Illuminate\\Http\\Request))
#8 /home/unilinki/public_html/csrability/public/index.php(55): Illuminate\\Foundation\\Http\\Kernel->handle(Object(Illuminate\\Http\\Request))
#9 {main}
"} 
[2019-11-05 21:08:01] local.ERROR: Class 'Facade\Ignition\IgnitionServiceProvider' not found {"exception":"[object] (Symfony\\Component\\Debug\\Exception\\FatalThrowableError(code: 0): Class 'Facade\\Ignition\\IgnitionServiceProvider' not found at /home/unilinki/public_html/csrability/vendor/laravel/framework/src/Illuminate/Foundation/Application.php:630)
[stacktrace]
#0 /home/unilinki/public_html/csrability/vendor/laravel/framework/src/Illuminate/Foundation/Application.php(567): Illuminate\\Foundation\\Application->resolveProvider('Facade\\\\Ignition...')
#1 /home/unilinki/public_html/csrability/vendor/laravel/framework/src/Illuminate/Foundation/ProviderRepository.php(75): Illuminate\\Foundation\\Application->register('Facade\\\\Ignition...')
#2 /home/unilinki/public_html/csrability/vendor/laravel/framework/src/Illuminate/Foundation/Application.php(548): Illuminate\\Foundation\\ProviderRepository->load(Array)
#3 /home/unilinki/public_html/csrability/vendor/laravel/framework/src/Illuminate/Foundation/Bootstrap/RegisterProviders.php(17): Illuminate\\Foundation\\Application->registerConfiguredProviders()
#4 /home/unilinki/public_html/csrability/vendor/laravel/framework/src/Illuminate/Foundation/Application.php(204): Illuminate\\Foundation\\Bootstrap\\RegisterProviders->bootstrap(Object(Illuminate\\Foundation\\Application))
#5 /home/unilinki/public_html/csrability/vendor/laravel/framework/src/Illuminate/Foundation/Http/Kernel.php(162): Illuminate\\Foundation\\Application->bootstrapWith(Array)
#6 /home/unilinki/public_html/csrability/vendor/laravel/framework/src/Illuminate/Foundation/Http/Kernel.php(146): Illuminate\\Foundation\\Http\\Kernel->bootstrap()
#7 /home/unilinki/public_html/csrability/vendor/laravel/framework/src/Illuminate/Foundation/Http/Kernel.php(116): Illuminate\\Foundation\\Http\\Kernel->sendRequestThroughRouter(Object(Illuminate\\Http\\Request))
#8 /home/unilinki/public_html/csrability/public/index.php(55): Illuminate\\Foundation\\Http\\Kernel->handle(Object(Illuminate\\Http\\Request))
#9 {main}
"} 
[2019-11-05 21:25:50] local.ERROR: Class 'App\Http\Controllers\Mail' not found {"exception":"[object] (Symfony\\Component\\Debug\\Exception\\FatalThrowableError(code: 0): Class 'App\\Http\\Controllers\\Mail' not found at /home/unilinki/public_html/csrability/app/Http/Controllers/SocialController.php:180)
[stacktrace]
#0 [internal function]: App\\Http\\Controllers\\SocialController->updateProfile(Object(Illuminate\\Http\\Request))
#1 /home/unilinki/public_html/csrability/vendor/laravel/framework/src/Illuminate/Routing/Controller.php(54): call_user_func_array(Array, Array)
#2 /home/unilinki/public_html/csrability/vendor/laravel/framework/src/Illuminate/Routing/ControllerDispatcher.php(45): Illuminate\\Routing\\Controller->callAction('updateProfile', Array)
#3 /home/unilinki/public_html/csrability/vendor/laravel/framework/src/Illuminate/Routing/Route.php(219): Illuminate\\Routing\\ControllerDispatcher->dispatch(Object(Illuminate\\Routing\\Route), Object(App\\Http\\Controllers\\SocialController), 'updateProfile')
#4 /home/unilinki/public_html/csrability/vendor/laravel/framework/src/Illuminate/Routing/Route.php(176): Illuminate\\Routing\\Route->runController()
#5 /home/unilinki/public_html/csrability/vendor/laravel/framework/src/Illuminate/Routing/Router.php(680): Illuminate\\Routing\\Route->run()
#6 /home/unilinki/public_html/csrability/vendor/laravel/framework/src/Illuminate/Pipeline/Pipeline.php(130): Illuminate\\Routing\\Router->Illuminate\\Routing\\{closure}(Object(Illuminate\\Http\\Request))
#7 /home/unilinki/public_html/csrability/vendor/laravel/framework/src/Illuminate/Routing/Middleware/SubstituteBindings.php(41): Illuminate\\Pipeline\\Pipeline->Illuminate\\Pipeline\\{closure}(Object(Illuminate\\Http\\Request))
#8 /home/unilinki/public_html/csrability/vendor/laravel/framework/src/Illuminate/Pipeline/Pipeline.php(171): Illuminate\\Routing\\Middleware\\SubstituteBindings->handle(Object(Illuminate\\Http\\Request), Object(Closure))
#9 /home/unilinki/public_html/csrability/vendor/laravel/framework/src/Illuminate/Foundation/Http/Middleware/VerifyCsrfToken.php(76): Illuminate\\Pipeline\\Pipeline->Illuminate\\Pipeline\\{closure}(Object(Illuminate\\Http\\Request))
#10 /home/unilinki/public_html/csrability/vendor/laravel/framework/src/Illuminate/Pipeline/Pipeline.php(171): Illuminate\\Foundation\\Http\\Middleware\\VerifyCsrfToken->handle(Object(Illuminate\\Http\\Request), Object(Closure))
#11 /home/unilinki/public_html/csrability/vendor/laravel/framework/src/Illuminate/View/Middleware/ShareErrorsFromSession.php(49): Illuminate\\Pipeline\\Pipeline->Illuminate\\Pipeline\\{closure}(Object(Illuminate\\Http\\Request))
#12 /home/unilinki/public_html/csrability/vendor/laravel/framework/src/Illuminate/Pipeline/Pipeline.php(171): Illuminate\\View\\Middleware\\ShareErrorsFromSession->handle(Object(Illuminate\\Http\\Request), Object(Closure))
#13 /home/unilinki/public_html/csrability/vendor/laravel/framework/src/Illuminate/Session/Middleware/StartSession.php(56): Illuminate\\Pipeline\\Pipeline->Illuminate\\Pipeline\\{closure}(Object(Illuminate\\Http\\Request))
#14 /home/unilinki/public_html/csrability/vendor/laravel/framework/src/Illuminate/Pipeline/Pipeline.php(171): Illuminate\\Session\\Middleware\\StartSession->handle(Object(Illuminate\\Http\\Request), Object(Closure))
#15 /home/unilinki/public_html/csrability/vendor/laravel/framework/src/Illuminate/Cookie/Middleware/AddQueuedCookiesToResponse.php(37): Illuminate\\Pipeline\\Pipeline->Illuminate\\Pipeline\\{closure}(Object(Illuminate\\Http\\Request))
#16 /home/unilinki/public_html/csrability/vendor/laravel/framework/src/Illuminate/Pipeline/Pipeline.php(171): Illuminate\\Cookie\\Middleware\\AddQueuedCookiesToResponse->handle(Object(Illuminate\\Http\\Request), Object(Closure))
#17 /home/unilinki/public_html/csrability/vendor/laravel/framework/src/Illuminate/Cookie/Middleware/EncryptCookies.php(66): Illuminate\\Pipeline\\Pipeline->Illuminate\\Pipeline\\{closure}(Object(Illuminate\\Http\\Request))
#18 /home/unilinki/public_html/csrability/vendor/laravel/framework/src/Illuminate/Pipeline/Pipeline.php(171): Illuminate\\Cookie\\Middleware\\EncryptCookies->handle(Object(Illuminate\\Http\\Request), Object(Closure))
#19 /home/unilinki/public_html/csrability/vendor/laravel/framework/src/Illuminate/Pipeline/Pipeline.php(105): Illuminate\\Pipeline\\Pipeline->Illuminate\\Pipeline\\{closure}(Object(Illuminate\\Http\\Request))
#20 /home/unilinki/public_html/csrability/vendor/laravel/framework/src/Illuminate/Routing/Router.php(682): Illuminate\\Pipeline\\Pipeline->then(Object(Closure))
#21 /home/unilinki/public_html/csrability/vendor/laravel/framework/src/Illuminate/Routing/Router.php(657): Illuminate\\Routing\\Router->runRouteWithinStack(Object(Illuminate\\Routing\\Route), Object(Illuminate\\Http\\Request))
#22 /home/unilinki/public_html/csrability/vendor/laravel/framework/src/Illuminate/Routing/Router.php(623): Illuminate\\Routing\\Router->runRoute(Object(Illuminate\\Http\\Request), Object(Illuminate\\Routing\\Route))
#23 /home/unilinki/public_html/csrability/vendor/laravel/framework/src/Illuminate/Routing/Router.php(612): Illuminate\\Routing\\Router->dispatchToRoute(Object(Illuminate\\Http\\Request))
#24 /home/unilinki/public_html/csrability/vendor/laravel/framework/src/Illuminate/Foundation/Http/Kernel.php(176): Illuminate\\Routing\\Router->dispatch(Object(Illuminate\\Http\\Request))
#25 /home/unilinki/public_html/csrability/vendor/laravel/framework/src/Illuminate/Pipeline/Pipeline.php(130): Illuminate\\Foundation\\Http\\Kernel->Illuminate\\Foundation\\Http\\{closure}(Object(Illuminate\\Http\\Request))
#26 /home/unilinki/public_html/csrability/vendor/laravel/framework/src/Illuminate/Foundation/Http/Middleware/TransformsRequest.php(21): Illuminate\\Pipeline\\Pipeline->Illuminate\\Pipeline\\{closure}(Object(Illuminate\\Http\\Request))
#27 /home/unilinki/public_html/csrability/vendor/laravel/framework/src/Illuminate/Pipeline/Pipeline.php(171): Illuminate\\Foundation\\Http\\Middleware\\TransformsRequest->handle(Object(Illuminate\\Http\\Request), Object(Closure))
#28 /home/unilinki/public_html/csrability/vendor/laravel/framework/src/Illuminate/Foundation/Http/Middleware/TransformsRequest.php(21): Illuminate\\Pipeline\\Pipeline->Illuminate\\Pipeline\\{closure}(Object(Illuminate\\Http\\Request))
#29 /home/unilinki/public_html/csrability/vendor/laravel/framework/src/Illuminate/Pipeline/Pipeline.php(171): Illuminate\\Foundation\\Http\\Middleware\\TransformsRequest->handle(Object(Illuminate\\Http\\Request), Object(Closure))
#30 /home/unilinki/public_html/csrability/vendor/laravel/framework/src/Illuminate/Foundation/Http/Middleware/ValidatePostSize.php(27): Illuminate\\Pipeline\\Pipeline->Illuminate\\Pipeline\\{closure}(Object(Illuminate\\Http\\Request))
#31 /home/unilinki/public_html/csrability/vendor/laravel/framework/src/Illuminate/Pipeline/Pipeline.php(171): Illuminate\\Foundation\\Http\\Middleware\\ValidatePostSize->handle(Object(Illuminate\\Http\\Request), Object(Closure))
#32 /home/unilinki/public_html/csrability/vendor/laravel/framework/src/Illuminate/Foundation/Http/Middleware/CheckForMaintenanceMode.php(62): Illuminate\\Pipeline\\Pipeline->Illuminate\\Pipeline\\{closure}(Object(Illuminate\\Http\\Request))
#33 /home/unilinki/public_html/csrability/vendor/laravel/framework/src/Illuminate/Pipeline/Pipeline.php(171): Illuminate\\Foundation\\Http\\Middleware\\CheckForMaintenanceMode->handle(Object(Illuminate\\Http\\Request), Object(Closure))
#34 /home/unilinki/public_html/csrability/vendor/fideloper/proxy/src/TrustProxies.php(57): Illuminate\\Pipeline\\Pipeline->Illuminate\\Pipeline\\{closure}(Object(Illuminate\\Http\\Request))
#35 /home/unilinki/public_html/csrability/vendor/laravel/framework/src/Illuminate/Pipeline/Pipeline.php(171): Fideloper\\Proxy\\TrustProxies->handle(Object(Illuminate\\Http\\Request), Object(Closure))
#36 /home/unilinki/public_html/csrability/vendor/laravel/framework/src/Illuminate/Pipeline/Pipeline.php(105): Illuminate\\Pipeline\\Pipeline->Illuminate\\Pipeline\\{closure}(Object(Illuminate\\Http\\Request))
#37 /home/unilinki/public_html/csrability/vendor/laravel/framework/src/Illuminate/Foundation/Http/Kernel.php(151): Illuminate\\Pipeline\\Pipeline->then(Object(Closure))
#38 /home/unilinki/public_html/csrability/vendor/laravel/framework/src/Illuminate/Foundation/Http/Kernel.php(116): Illuminate\\Foundation\\Http\\Kernel->sendRequestThroughRouter(Object(Illuminate\\Http\\Request))
#39 /home/unilinki/public_html/csrability/public/index.php(55): Illuminate\\Foundation\\Http\\Kernel->handle(Object(Illuminate\\Http\\Request))
#40 {main}
"} 
